<?xml version="1.0" encoding="UTF-8"?>
<!-- Generated by org.testng.reporters.JUnitReportReporter -->
<testsuite skipped="2" hostname="SMET570" name="com.spacejet.qa.testcases.LoadingPageTest" tests="3" failures="0" timestamp="14 Aug 2020 21:13:09 GMT" time="25.893" errors="0">
  <testcase name="navigationTest" time="25.893" classname="com.spacejet.qa.testcases.LoadingPageTest"/>
  <testcase name="clickDealButtonTest" classname="com.spacejet.qa.testcases.LoadingPageTest">
    <skipped/>
  </testcase> <!-- clickDealButtonTest -->
  <testcase name="titleTest" classname="com.spacejet.qa.testcases.LoadingPageTest">
    <skipped/>
  </testcase> <!-- titleTest -->
</testsuite> <!-- com.spacejet.qa.testcases.LoadingPageTest -->
