<?xml version="1.0" encoding="UTF-8"?>
<!-- Generated by org.testng.reporters.JUnitReportReporter -->
<testsuite skipped="0" hostname="SMET570" name="com.spacejet.qa.testcases.LoadingPage" tests="1" failures="0" timestamp="12 Aug 2020 18:02:23 GMT" time="17.407" errors="0">
  <testcase name="MainPage" time="17.407" classname="com.spacejet.qa.testcases.LoadingPage"/>
</testsuite> <!-- com.spacejet.qa.testcases.LoadingPage -->
